--------------
-- Zorigt Bazarragchaa
--------------

Query OK, 0 rows affected (0.00 sec)

--------------
 /* enable warnings! */



/* TASK 00 */
select user(), current_date(), version(), @@sql_mode
--------------

*************************** 1. row ***************************
        user(): zorigt@localhost
current_date(): 2013-07-22
     version(): 5.6.12
    @@sql_mode: STRICT_TRANS_TABLES,NO_AUTO_CREATE_USER,NO_ENGINE_SUBSTITUTION
1 row in set (0.00 sec)

--------------
/* TASK 01 */
select
	OH.order_date as OrderDate
,	count(*) as NumberOrders
,	sum(OD.order_price*OD.quantity) as AmntDue
,	sum(OD.quantity) as NumbBooksPurch
from a_bkorders.order_details OD
join a_bkorders.order_headers OH using (order_id)
where year(OH.order_date) = year(current_date())
group by OH.order_date with rollup
--------------

+------------+--------------+----------+----------------+
| OrderDate  | NumberOrders | AmntDue  | NumbBooksPurch |
+------------+--------------+----------+----------------+
| 2013-01-18 |            3 |   564.95 |             12 |
| 2013-01-22 |            3 |   308.70 |              7 |
| 2013-01-25 |            2 |  1625.00 |            145 |
| 2013-01-26 |            1 |  2450.00 |             50 |
| 2013-01-28 |            4 |   299.70 |              8 |
| 2013-02-12 |            5 |   225.84 |              8 |
| 2013-02-15 |            3 |   367.98 |             25 |
| 2013-02-20 |            1 |    25.00 |              2 |
| 2013-03-01 |            1 |    24.00 |              2 |
| 2013-03-02 |            2 |  1290.49 |             51 |
| 2013-03-03 |            1 |  1250.00 |             50 |
| 2013-03-04 |            2 |   180.00 |              6 |
| 2013-03-08 |            5 |  1288.01 |             37 |
| 2013-03-12 |            8 |   398.32 |             10 |
| 2013-03-13 |            4 |   103.90 |              4 |
| 2013-03-20 |            2 |  6794.00 |            149 |
| 2013-03-21 |            2 |   519.50 |             20 |
| 2013-03-22 |            2 |   394.95 |              6 |
| 2013-03-23 |            3 |   649.00 |             12 |
| 2013-03-24 |            2 |    61.89 |              3 |
| 2013-03-25 |            1 |   180.00 |              2 |
| 2013-03-26 |            3 |    55.95 |              3 |
| 2013-04-02 |            2 |   999.00 |             30 |
| 2013-04-05 |            1 |    40.49 |              1 |
| 2013-04-08 |            2 |    69.00 |              3 |
| 2013-04-15 |            1 |    40.49 |              1 |
| 2013-05-01 |            1 |   165.00 |             11 |
| 2013-05-02 |            3 |  2107.45 |             45 |
| 2013-05-04 |            2 |  2749.50 |            100 |
| 2013-05-05 |            2 |    64.95 |              2 |
| 2013-05-06 |            2 |  1295.60 |              8 |
| 2013-05-24 |            1 |    75.00 |              5 |
| 2013-05-26 |            2 |  1475.60 |             10 |
| 2013-06-02 |            2 |   213.75 |              6 |
| 2013-06-04 |            3 |   287.75 |             14 |
| 2013-06-05 |            1 |    44.99 |              1 |
| 2013-06-09 |            3 |   100.49 |              3 |
| 2013-06-29 |            2 |  2047.80 |             30 |
| 2013-06-30 |            2 |  5355.30 |            110 |
| NULL       |           92 | 36189.34 |            992 |
+------------+--------------+----------+----------------+
40 rows in set (0.00 sec)

--------------
/* TASK 02 */
select 
	coalesce(od_year, 'Grand Total') as Order_year
,	coalesce(od_month, 'Yearly Total') as Order_month
,	OrderID
,	AmntDue
,	NumberItems
from (
	Select 
		YEAR(order_date) as od_year
	,	MONTH(order_date) as od_month
	, 	OH.order_id as OrderID
	, 	SUM(OD.order_price * OD.quantity) As AmntDue
	, 	SUM(OD.quantity) As NumberItems
	From a_bkorders.order_headers OH
	Join a_bkorders.order_details OD using (order_id)
	Group by year(order_date), month(order_date), order_id with rollup
) agg_data
--------------

+-------------+--------------+---------+-----------+-------------+
| Order_year  | Order_month  | OrderID | AmntDue   | NumberItems |
+-------------+--------------+---------+-----------+-------------+
| 2011        | 10           |    1254 |    859.50 |          20 |
| 2011        | 10           |    1255 |    564.95 |          12 |
| 2011        | 10           |    1261 |   9742.50 |         250 |
| 2011        | 10           |   32905 |     58.00 |           1 |
| 2011        | 10           |    NULL |  11224.95 |         283 |
| 2011        | Yearly Total |    NULL |  11224.95 |         283 |
| 2012        | 1            |    1411 |   1250.00 |          50 |
| 2012        | 1            |    1420 |   1800.00 |          60 |
| 2012        | 1            |    1442 |   2585.50 |          90 |
| 2012        | 1            |    1483 |    137.45 |           4 |
| 2012        | 1            |    1491 |    123.95 |           3 |
| 2012        | 1            |    1552 |     99.98 |           2 |
| 2012        | 1            |   32900 |   1625.00 |         145 |
| 2012        | 1            |   32901 |   2450.00 |          50 |
| 2012        | 1            |   32902 |   6794.00 |         149 |
| 2012        | 1            |    NULL |  16865.88 |         553 |
| 2012        | 2            |    1553 |   6900.00 |         300 |
| 2012        | 2            |    1555 |    564.95 |          12 |
| 2012        | 2            |    1561 |    308.70 |           7 |
| 2012        | 2            |    1562 |    299.70 |           8 |
| 2012        | 2            |   30814 |    276.00 |          23 |
| 2012        | 2            |   30815 |   3875.00 |         155 |
| 2012        | 2            |   32903 |     58.00 |           1 |
| 2012        | 2            |   32904 |   2454.26 |         454 |
| 2012        | 2            |    NULL |  14736.61 |         960 |
| 2012        | 3            |   30816 |   1250.00 |          50 |
| 2012        | 3            |   30820 |   1250.00 |          50 |
| 2012        | 3            |   30821 |     21.90 |           2 |
| 2012        | 3            |   30822 |    499.50 |          10 |
| 2012        | 3            |    NULL |   3021.40 |         112 |
| 2012        | 4            |    1564 |   4745.00 |         150 |
| 2012        | 4            |    1800 |    221.70 |           6 |
| 2012        | 4            |    1801 |     50.90 |           3 |
| 2012        | 4            |    2001 |   1250.00 |          50 |
| 2012        | 4            |    2002 |    219.00 |          20 |
| 2012        | 4            |    2003 |     24.00 |           2 |
| 2012        | 4            |   30824 |   1300.00 |          30 |
| 2012        | 4            |   30825 |    181.96 |           4 |
| 2012        | 4            |   30826 |    560.00 |          16 |
| 2012        | 4            |   30833 |   1250.00 |          50 |
| 2012        | 4            |   30834 |     49.95 |           1 |
| 2012        | 4            |    NULL |   9852.51 |         332 |
| 2012        | 5            |    1710 |   4503.51 |          99 |
| 2012        | 5            |    1712 |   3015.99 |         100 |
| 2012        | 5            |    1811 |    171.86 |           6 |
| 2012        | 5            |    1812 |     26.99 |           1 |
| 2012        | 5            |    1814 |     45.99 |           1 |
| 2012        | 5            |    1818 |    750.98 |          34 |
| 2012        | 5            |    2004 |     35.00 |           1 |
| 2012        | 5            |    2005 |   1250.00 |          50 |
| 2012        | 5            |   30835 |    273.75 |          25 |
| 2012        | 5            |   30836 |     25.00 |           2 |
| 2012        | 5            |    NULL |  10099.07 |         319 |
| 2012        | 6            |    2012 |   1250.00 |          50 |
| 2012        | 6            |    2013 |     25.00 |           2 |
| 2012        | 6            |   30847 |     24.00 |           2 |
| 2012        | 6            |   30848 |     25.00 |           2 |
| 2012        | 6            |   30849 |   1250.00 |          50 |
| 2012        | 6            |    NULL |   2574.00 |         106 |
| 2012        | 7            |    1045 |     35.99 |           1 |
| 2012        | 7            |    1200 |   1383.90 |          40 |
| 2012        | 7            |    1205 |     27.29 |           1 |
| 2012        | 7            |    1212 |     56.34 |           2 |
| 2012        | 7            |   31840 |     24.00 |           2 |
| 2012        | 7            |   31841 |   1250.00 |          50 |
| 2012        | 7            |   31850 |     40.49 |           1 |
| 2012        | 7            |    NULL |   2818.01 |          97 |
| 2012        | 8            |    1224 |    441.52 |           8 |
| 2012        | 8            |    1253 |     69.00 |           3 |
| 2012        | 8            |   31852 |     40.49 |           1 |
| 2012        | 8            |   31853 |    999.00 |          30 |
| 2012        | 8            |   31855 |     40.49 |           1 |
| 2012        | 8            |   31860 |     40.49 |           1 |
| 2012        | 8            |    NULL |   1630.99 |          44 |
| 2012        | 9            |    1002 |    581.00 |          23 |
| 2012        | 9            |    1003 |    225.00 |           5 |
| 2012        | 9            |    1004 |     36.50 |           2 |
| 2012        | 9            |    1005 |    170.90 |           6 |
| 2012        | 9            |    1006 |    109.50 |          10 |
| 2012        | 9            |    1007 |   1250.00 |          50 |
| 2012        | 9            |    1008 |   2000.00 |          50 |
| 2012        | 9            |    1010 |   1250.00 |          50 |
| 2012        | 9            |    1011 |     21.90 |           2 |
| 2012        | 9            |    1012 |     49.95 |           1 |
| 2012        | 9            |    1027 |   1291.57 |          43 |
| 2012        | 9            |    1028 |    996.68 |          25 |
| 2012        | 9            |    1030 |     40.49 |           1 |
| 2012        | 9            |    1035 |     55.19 |           1 |
| 2012        | 9            |    1039 |     99.90 |           3 |
| 2012        | 9            |    1040 |  21939.98 |         562 |
| 2012        | 9            |    1602 |     50.90 |           3 |
| 2012        | 9            |    1603 |    252.75 |           7 |
| 2012        | 9            |    1604 |    708.75 |          40 |
| 2012        | 9            |    1606 |    474.50 |          15 |
| 2012        | 9            |    1610 |     24.00 |           2 |
| 2012        | 9            |    1615 |     24.00 |           2 |
| 2012        | 9            |   22803 |   2107.45 |          45 |
| 2012        | 9            |   22804 |   2749.50 |         100 |
| 2012        | 9            |   22805 |   1475.60 |          10 |
| 2012        | 9            |   22806 |     25.00 |           1 |
| 2012        | 9            |   22807 |     34.99 |           1 |
| 2012        | 9            |   22808 |     45.00 |           1 |
| 2012        | 9            |   22809 |    225.00 |           5 |
| 2012        | 9            |   22810 |    424.95 |          10 |
| 2012        | 9            |   22811 |    225.00 |           5 |
| 2012        | 9            |   22812 |   2704.50 |         100 |
| 2012        | 9            |   22813 |    395.76 |           9 |
| 2012        | 9            |   31884 |    209.91 |          10 |
| 2012        | 9            |   31885 |   1250.00 |          50 |
| 2012        | 9            |   31889 |    910.80 |          18 |
| 2012        | 9            |   32800 |   1250.00 |          50 |
| 2012        | 9            |   32890 |    165.00 |          11 |
| 2012        | 9            |   32891 |     75.00 |           5 |
| 2012        | 9            |   32892 |     75.00 |           5 |
| 2012        | 9            |   32893 |     55.19 |           1 |
| 2012        | 9            |   32894 |     35.99 |           1 |
| 2012        | 9            |   32895 |     55.19 |           1 |
| 2012        | 9            |   32896 |     35.99 |           1 |
| 2012        | 9            |   32897 |    100.00 |           2 |
| 2012        | 9            |   32898 |     60.00 |           3 |
| 2012        | 9            |   32899 |   1250.00 |          50 |
| 2012        | 9            |    NULL |  47594.28 |        1398 |
| 2012        | 10           |    1563 |     50.90 |           3 |
| 2012        | 10           |    1601 |    800.30 |          21 |
| 2012        | 10           |    1605 |   1057.00 |          32 |
| 2012        | 10           |    1702 |    100.00 |           2 |
| 2012        | 10           |    1705 |  21059.00 |         500 |
| 2012        | 10           |   14873 |    137.45 |           4 |
| 2012        | 10           |   31871 |     99.90 |           3 |
| 2012        | 10           |   31872 |   3000.00 |         100 |
| 2012        | 10           |    NULL |  26304.55 |         665 |
| 2012        | 11           |    5261 |   9742.50 |         250 |
| 2012        | 11           |    5262 |    213.75 |           6 |
| 2012        | 11           |    5321 |   2047.80 |          30 |
| 2012        | 11           |    5328 |   3149.30 |          70 |
| 2012        | 11           |    5345 |   2206.00 |          40 |
| 2012        | 11           |   54883 |    137.45 |           4 |
| 2012        | 11           |    NULL |  17496.80 |         400 |
| 2012        | 12           |    1346 |  29267.00 |         900 |
| 2012        | 12           |    1347 |    237.13 |           6 |
| 2012        | 12           |    1410 |    700.00 |          35 |
| 2012        | 12           |    5483 |    137.45 |           4 |
| 2012        | 12           |    5491 |    123.95 |           3 |
| 2012        | 12           |    5552 |     99.98 |           2 |
| 2012        | 12           |   32907 |    285.40 |          13 |
| 2012        | 12           |   52905 |     58.00 |           1 |
| 2012        | 12           |   52906 |    287.75 |          14 |
| 2012        | 12           |    NULL |  31196.66 |         978 |
| 2012        | Yearly Total |    NULL | 184190.76 |        5964 |
| 2013        | 1            |    5555 |    564.95 |          12 |
| 2013        | 1            |    5561 |    308.70 |           7 |
| 2013        | 1            |    5562 |    299.70 |           8 |
| 2013        | 1            |   52900 |   1625.00 |         145 |
| 2013        | 1            |   52901 |   2450.00 |          50 |
| 2013        | 1            |    NULL |   5248.35 |         222 |
| 2013        | 2            |   18142 |     26.99 |           1 |
| 2013        | 2            |   18144 |     45.99 |           1 |
| 2013        | 2            |   40814 |    276.00 |          23 |
| 2013        | 2            |   40836 |     25.00 |           2 |
| 2013        | 2            |   41811 |    171.86 |           6 |
| 2013        | 2            |   41812 |     26.99 |           1 |
| 2013        | 2            |   41814 |     45.99 |           1 |
| 2013        | 2            |    NULL |    618.82 |          35 |
| 2013        | 3            |    4002 |    581.00 |          23 |
| 2013        | 3            |    4003 |    225.00 |           5 |
| 2013        | 3            |    4007 |   1250.00 |          50 |
| 2013        | 3            |   33001 |    180.00 |           6 |
| 2013        | 3            |   33002 |    237.13 |           6 |
| 2013        | 3            |   33005 |     51.95 |           2 |
| 2013        | 3            |   33006 |     51.95 |           2 |
| 2013        | 3            |   33007 |    161.19 |           4 |
| 2013        | 3            |   33008 |    189.00 |           7 |
| 2013        | 3            |   33009 |    195.00 |           5 |
| 2013        | 3            |   33013 |   6794.00 |         149 |
| 2013        | 3            |   33014 |    519.50 |          20 |
| 2013        | 3            |   33017 |      4.00 |           1 |
| 2013        | 3            |   33022 |    199.95 |           1 |
| 2013        | 3            |   33023 |    460.00 |           5 |
| 2013        | 3            |   33034 |     61.89 |           3 |
| 2013        | 3            |   33035 |    180.00 |           2 |
| 2013        | 3            |   33040 |     51.95 |           2 |
| 2013        | 3            |   41224 |    441.52 |           8 |
| 2013        | 3            |   41840 |     24.00 |           2 |
| 2013        | 3            |   41841 |   1250.00 |          50 |
| 2013        | 3            |   41850 |     40.49 |           1 |
| 2013        | 3            |   41852 |     40.49 |           1 |
| 2013        | 3            |    NULL |  13190.01 |         355 |
| 2013        | 4            |    1256 |     69.00 |           3 |
| 2013        | 4            |   31455 |     40.49 |           1 |
| 2013        | 4            |   31560 |     40.49 |           1 |
| 2013        | 4            |   41853 |    999.00 |          30 |
| 2013        | 4            |    NULL |   1148.98 |          35 |
| 2013        | 5            |   10812 |     49.95 |           1 |
| 2013        | 5            |   22774 |   2749.50 |         100 |
| 2013        | 5            |   23890 |    165.00 |          11 |
| 2013        | 5            |   24345 |   1475.60 |          10 |
| 2013        | 5            |   24802 |   1295.60 |           8 |
| 2013        | 5            |   25803 |   2107.45 |          45 |
| 2013        | 5            |   42331 |     75.00 |           5 |
| 2013        | 5            |   42891 |     15.00 |           1 |
| 2013        | 5            |    NULL |   7933.10 |         181 |
| 2013        | 6            |    1262 |    213.75 |           6 |
| 2013        | 6            |    1302 |     44.99 |           1 |
| 2013        | 6            |    1310 |    100.49 |           3 |
| 2013        | 6            |    1321 |   2047.80 |          30 |
| 2013        | 6            |    1328 |   3149.30 |          70 |
| 2013        | 6            |    1345 |   2206.00 |          40 |
| 2013        | 6            |   32906 |    287.75 |          14 |
| 2013        | 6            |    NULL |   8050.08 |         164 |
| 2013        | Yearly Total |    NULL |  36189.34 |         992 |
| Grand Total | Yearly Total |    NULL | 231605.05 |        7239 |
+-------------+--------------+---------+-----------+-------------+
211 rows in set (0.00 sec)

--------------
/* TASK 03 */
select 
	coalesce(od_year, 'Grand Total') as Order_year
,	coalesce(od_month, 'Yearly Total') as Order_month
,	NumberOrders
,	AmntDue
,	NumberItems
from (
	Select
		YEAR(order_date) as od_year
	,	MONTH(order_date) as od_month
	, 	count(*) as NumberOrders
	, 	SUM(OD.order_price * OD.quantity) As AmntDue
	, 	SUM(OD.quantity) As NumberItems
	From a_bkorders.order_headers OH
	Join a_bkorders.order_details OD using (order_id)
	Group by year(order_date), month(order_date) with rollup
) agg_data1
--------------

+-------------+--------------+--------------+-----------+-------------+
| Order_year  | Order_month  | NumberOrders | AmntDue   | NumberItems |
+-------------+--------------+--------------+-----------+-------------+
| 2011        | 10           |            9 |  11224.95 |         283 |
| 2011        | Yearly Total |            9 |  11224.95 |         283 |
| 2012        | 1            |           17 |  16865.88 |         553 |
| 2012        | 2            |           17 |  14736.61 |         960 |
| 2012        | 3            |            4 |   3021.40 |         112 |
| 2012        | 4            |           16 |   9852.51 |         332 |
| 2012        | 5            |           16 |  10099.07 |         319 |
| 2012        | 6            |            5 |   2574.00 |         106 |
| 2012        | 7            |           15 |   2818.01 |          97 |
| 2012        | 8            |            8 |   1630.99 |          44 |
| 2012        | 9            |           76 |  47594.28 |        1398 |
| 2012        | 10           |           22 |  26304.55 |         665 |
| 2012        | 11           |           11 |  17496.80 |         400 |
| 2012        | 12           |           21 |  31196.66 |         978 |
| 2012        | Yearly Total |          228 | 184190.76 |        5964 |
| 2013        | 1            |           13 |   5248.35 |         222 |
| 2013        | 2            |            9 |    618.82 |          35 |
| 2013        | 3            |           38 |  13190.01 |         355 |
| 2013        | 4            |            6 |   1148.98 |          35 |
| 2013        | 5            |           13 |   7933.10 |         181 |
| 2013        | 6            |           13 |   8050.08 |         164 |
| 2013        | Yearly Total |           92 |  36189.34 |         992 |
| Grand Total | Yearly Total |          329 | 231605.05 |        7239 |
+-------------+--------------+--------------+-----------+-------------+
23 rows in set (0.00 sec)

--------------
/* TASK 04 */
select
	coalesce(a_id, ' All Authors') as AuthorID
,	coalesce(b_id, 'All Books') as BookID
,	coalesce(tq, 0) as TotalQuantity
,	coalesce(ts, 'No Sales') as TotalSales
from (
	select
		BA.author_id as a_id
	,	BA.book_id as b_id
	,	sum(OD.quantity) as tq
	,	sum(OD.quantity * OD.order_price) as ts
	from a_bkinfo.book_authors BA
	left join a_bkorders.order_details OD using (book_id)
	where BA.author_sequence = 1 and BA.book_id is not null
	group by BA.author_id, BA.book_id with rollup
) agg_data2
--------------

+--------------+-----------+---------------+------------+
| AuthorID     | BookID    | TotalQuantity | TotalSales |
+--------------+-----------+---------------+------------+
| A0110        | 1142      |           247 | 8381.20    |
| A0110        | All Books |           247 | 8381.20    |
| A5748        | 1278      |             1 | 48.00      |
| A5748        | All Books |             1 | 48.00      |
| B1112        | 2006      |            39 | 806.95     |
| B1112        | 2007      |            43 | 1526.98    |
| B1112        | All Books |            82 | 2333.93    |
| B1144        | 1622      |             0 | No Sales   |
| B1144        | All Books |             0 | No Sales   |
| B1244        | 1623      |             0 | No Sales   |
| B1244        | All Books |             0 | No Sales   |
| B2010        | 1102      |             4 | 199.96     |
| B2010        | 1689      |            13 | 717.47     |
| B2010        | All Books |            17 | 917.43     |
| B2078        | 2005      |            20 | 900.00     |
| B2078        | All Books |            20 | 900.00     |
| C0030        | 1106      |           134 | 3867.50    |
| C0030        | 1107      |            88 | 1940.50    |
| C0030        | 1161      |            64 | 2240.00    |
| C0030        | 1162      |           161 | 5124.60    |
| C0030        | All Books |           447 | 13172.60   |
| C0844        | 1401      |           541 | 29966.00   |
| C0844        | All Books |           541 | 29966.00   |
| C5820        | 1478      |             5 | 225.00     |
| C5820        | All Books |             5 | 225.00     |
| C8794        | 1948      |             7 | 286.58     |
| C8794        | All Books |             7 | 286.58     |
| D0030        | 1109      |            51 | 1735.80    |
| D0030        | 1128      |           758 | 29155.85   |
| D0030        | All Books |           809 | 30891.65   |
| D2110        | 1301      |            30 | 1365.00    |
| D2110        | 1304      |           111 | 5145.89    |
| D2110        | All Books |           141 | 6510.89    |
| D3040        | 1101      |            36 | 2062.64    |
| D3040        | All Books |            36 | 2062.64    |
| D6290        | 2025      |           560 | 21840.00   |
| D6290        | All Books |           560 | 21840.00   |
| D8902        | 1182      |           142 | 6388.60    |
| D8902        | All Books |           142 | 6388.60    |
| D8956        | 1175      |             3 | 114.89     |
| D8956        | 1184      |             1 | 49.99      |
| D8956        | All Books |             4 | 164.88     |
| G4040        | 2009      |            39 | 1302.23    |
| G4040        | All Books |            39 | 1302.23    |
| G4748        | 1537      |            58 | 1469.14    |
| G4748        | All Books |            58 | 1469.14    |
| G5050        | 1200      |             5 | 81.65      |
| G5050        | 1234      |             0 | No Sales   |
| G5050        | 1774      |             1 | 14.67      |
| G5050        | All Books |             6 | 96.32      |
| H0187        | 1457      |             5 | 269.95     |
| H0187        | All Books |             5 | 269.95     |
| H0202        | 1185      |             1 | 49.99      |
| H0202        | All Books |             1 | 49.99      |
| H2987        | 2001      |           291 | 11560.57   |
| H2987        | All Books |           291 | 11560.57   |
| H3145        | 1627      |             1 | 199.95     |
| H3145        | 1628      |            14 | 448.00     |
| H3145        | 1629      |            12 | 239.40     |
| H3145        | All Books |            27 | 887.35     |
| I5110        | 2031      |             0 | No Sales   |
| I5110        | 2032      |             0 | No Sales   |
| I5110        | All Books |             0 | No Sales   |
| K7620        | 1425      |            51 | 1430.40    |
| K7620        | 1448      |           892 | 22941.00   |
| K7620        | 1978      |            25 | 2372.00    |
| K7620        | All Books |           968 | 26743.40   |
| L0140        | 1108      |           600 | 16560.00   |
| L0140        | All Books |           600 | 16560.00   |
| L0245        | 1894      |            10 | 348.26     |
| L0245        | All Books |            10 | 348.26     |
| L0453        | 1188      |             1 | 49.99      |
| L0453        | All Books |             1 | 49.99      |
| M0024        | 1609      |             0 | No Sales   |
| M0024        | All Books |             0 | No Sales   |
| M0053        | 1105      |            80 | 4412.00    |
| M0053        | 1110      |             4 | 200.00     |
| M0053        | 1269      |             1 | 58.83      |
| M0053        | All Books |            85 | 4670.83    |
| M0157        | 1678      |             5 | 249.95     |
| M0157        | All Books |             5 | 249.95     |
| M3110        | 1302      |             0 | No Sales   |
| M3110        | 1303      |             0 | No Sales   |
| M3110        | All Books |             0 | No Sales   |
| M3145        | 1626      |             1 | 19.95      |
| M3145        | All Books |             1 | 19.95      |
| M4540        | 2622      |             0 | No Sales   |
| M4540        | 2623      |             0 | No Sales   |
| M4540        | All Books |             0 | No Sales   |
| N6457        | 1835      |             1 | 45.99      |
| N6457        | All Books |             1 | 45.99      |
| O0345        | 2003      |             0 | No Sales   |
| O0345        | All Books |             0 | No Sales   |
| P0500        | 1279      |            10 | 391.40     |
| P0500        | All Books |            10 | 391.40     |
| P2308        | 2002      |            27 | 955.00     |
| P2308        | All Books |            27 | 955.00     |
| P6030        | 2018      |             2 | 99.98      |
| P6030        | All Books |             2 | 99.98      |
| P7477        | 1525      |             0 | No Sales   |
| P7477        | All Books |             0 | No Sales   |
| R2040        | 1670      |            60 | 2400.00    |
| R2040        | All Books |            60 | 2400.00    |
| R5858        | 1357      |            54 | 1393.60    |
| R5858        | All Books |            54 | 1393.60    |
| S0025        | 1104      |           127 | 5715.00    |
| S0025        | All Books |           127 | 5715.00    |
| S0205        | 2008      |            98 | 4280.95    |
| S0205        | All Books |            98 | 4280.95    |
| S1164        | 1180      |             7 | 326.93     |
| S1164        | All Books |             7 | 326.93     |
| S1900        | 1877      |             1 | 45.00      |
| S1900        | All Books |             1 | 45.00      |
| S2475        | 1624      |             0 | No Sales   |
| S2475        | All Books |             0 | No Sales   |
| S2548        | 1677      |             0 | No Sales   |
| S2548        | All Books |             0 | No Sales   |
| S2789        | 2004      |             1 | 49.95      |
| S2789        | All Books |             1 | 49.95      |
| S3110        | 1305      |           898 | 5172.50    |
| S3110        | 1306      |            15 | 3751.80    |
| S3110        | All Books |           913 | 8924.30    |
| T6789        | 1979      |             1 | 53.99      |
| T6789        | All Books |             1 | 53.99      |
| V1144        | 1621      |             0 | No Sales   |
| V1144        | All Books |             0 | No Sales   |
| W0030        | 1133      |             5 | 90.75      |
| W0030        | All Books |             5 | 90.75      |
| W0078        | 1258      |             6 | 271.94     |
| W0078        | All Books |             6 | 271.94     |
| W3145        | 1630      |             0 | No Sales   |
| W3145        | All Books |             0 | No Sales   |
| W3433        | 1619      |           110 | 2997.88    |
| W3433        | All Books |           110 | 2997.88    |
| W4512        | 2027      |             0 | No Sales   |
| W4512        | All Books |             0 | No Sales   |
| W5145        | 1625      |             1 | 4.00       |
| W5145        | All Books |             1 | 4.00       |
|  All Authors | All Books |          6580 | 216413.99  |
+--------------+-----------+---------------+------------+
139 rows in set (0.00 sec)

--------------
/* TASK 05 */
select
	B1.book_id as Book_ID
,	B1.page_count as Page_count
,	(
	select count(distinct ceiling(page_count / 250))
	from a_bkinfo.books as B2
	left join a_bkinfo.book_topics BT2 using (book_id)
	where B2.page_count >= B1.page_count
	and BT2.topic_id = 'SQL'
	) as 'Rankk'
from a_bkinfo.books B1
left join a_bkinfo.book_topics BT1 using (book_id)
where BT1.topic_id = 'SQL'
order by Rankk
--------------

+---------+------------+-------+
| Book_ID | Page_count | Rankk |
+---------+------------+-------+
|    1306 |       2895 |     1 |
|    1161 |        780 |     2 |
|    2005 |        894 |     2 |
|    1182 |        918 |     2 |
|    1185 |        595 |     3 |
|    2008 |        503 |     3 |
|    2018 |        650 |     3 |
|    2025 |        572 |     3 |
|    1110 |        520 |     3 |
|    2031 |        750 |     3 |
|    1175 |        538 |     3 |
|    1184 |        650 |     3 |
|    2007 |        391 |     4 |
|    1105 |        450 |     4 |
|    1245 |        488 |     4 |
|    1107 |        325 |     4 |
|    2027 |        464 |     4 |
|    1128 |        275 |     4 |
|    2002 |        402 |     4 |
|    2003 |        402 |     4 |
|    1162 |        350 |     4 |
|    2004 |        399 |     4 |
|    2006 |        390 |     4 |
|    1188 |        105 |     5 |
|    2009 |        150 |     5 |
|    1106 |        250 |     5 |
|    1483 |        125 |     5 |
+---------+------------+-------+
27 rows in set (0.00 sec)

--------------
/* TASK 06 */
select -- dept_id, salary, salary_rank
	author_id as Publ_ID
,	title as Title
,	page_count as Page_Count
,	b_rank
from (
	select 
		e.author_id
	,	b.title
	, 	b.page_count
	, 	find_in_set(b.page_count, dptgrp.b_list) as b_rank
	from a_bkinfo.book_authors as e
	join a_bkinfo.books as b using(book_id)
	,
		(
		select author_id
		, group_concat(page_count order by page_count ) b_list
		from a_bkinfo.book_authors
		join a_bkinfo.books using (book_id)
		group by author_id
		) as dptgrp
	where e.author_id = dptgrp.author_id
	) as z
where b_rank <= 3
order by author_id, b_rank
--------------

+---------+---------------------------------------------------------------------------+------------+--------+
| Publ_ID | Title                                                                     | Page_Count | b_rank |
+---------+---------------------------------------------------------------------------+------------+--------+
| A0094   | Framework Design Guidelines                                               |        346 |      1 |
| A0110   | Relational Database Theory                                                |        879 |      1 |
| A5748   | Beginning VB 2008 Databases                                               |        408 |      1 |
| A7745   | In the Company of Crows and Ravens                                        |        376 |      1 |
| B0056   | High Performance MySQL                                                    |        708 |      1 |
| B1112   | T_SQL Programming (Inside series)                                         |        390 |      1 |
| B1112   | T_SQL Querying (Inside series)                                            |        391 |      2 |
| B1144   | Bird Sense                                                                |        265 |      1 |
| B1244   | Lichens of North America                                                  |        828 |      1 |
| B2010   | Practical Standards for VB.NET                                            |        250 |      1 |
| B2010   | Applied .NET Framework Programming VB.NET                                 |        608 |      2 |
| B2010   | Programming Visual Basic 2005: The Language                               |        980 |      3 |
| B2078   | Developer's Guide to SQL Server 2005                                      |        894 |      1 |
| C0030   | SQL for Smarties                                                          |        250 |      1 |
| C0030   | SQL Puzzles and Answers                                                   |        325 |      2 |
| C0030   | Trees and Hierarchies                                                     |        350 |      3 |
| C0844   | Visual Studio Tools for Office                                            |        976 |      1 |
| C5820   | Beginning OO Programming with VB 2005                                     |        368 |      1 |
| C8794   | Framework Design Guidelines                                               |        346 |      1 |
| D0030   | Temporal Data and the Relational Model                                    |        275 |      1 |
| D0030   | Intro to DB Systems-7th Ed                                                |        650 |      2 |
| D0050   | Relational Database Theory                                                |        879 |      1 |
| D0845   | SQL Server 2005 Express Edition                                           |        150 |      1 |
| D2110   | ADO and Oracle Workbook                                                   |          0 |      1 |
| D2110   | Stories of Discoveries                                                    |        300 |      2 |
| D2340   | Temporal Data and the Relational Model                                    |        275 |      1 |
| D3040   | Programming SQL Server with VB.NET                                        |        300 |      1 |
| D6290   | Oracle SQL Fundamentals I Exam Guide                                      |        572 |      1 |
| D8902   | MySQL Cookbook                                                            |        918 |      1 |
| D8956   | MySQL in a Nutshell                                                       |        538 |      1 |
| D8956   | MySQL Developer's Library                                                 |        650 |      2 |
| F2987   | MySQL Stored Procedures                                                   |        595 |      1 |
| G4040   | SQL Server 2005 Express Edition                                           |        150 |      1 |
| G4748   | The BedSide Book of Birds                                                 |         68 |      1 |
| G5050   | Ever Since Darwin                                                         |        288 |      1 |
| G5050   | Hen's Teeth and Horse's Toes                                              |        416 |      2 |
| G5050   | The Mismeasure of Man                                                     |        488 |      3 |
| H0187   | Visual Basic 2008 Recipes                                                 |        300 |      1 |
| H0202   | MySQL Stored Procedures                                                   |        595 |      1 |
| H2987   | Programming SQL Server 2005                                               |        675 |      1 |
| H3145   | The Leafcutter Ants: Civilization by Instinct                             |        160 |      1 |
| H3145   | The Superorganism:The Beauty, Elegance, Strangeness of Insect Societies   |        544 |      2 |
| H3145   | The Ants                                                                  |        732 |      3 |
| H8972   | Beginning VB 2008 Databases                                               |        408 |      1 |
| I0010   | Intro to DB Systems-7th Ed                                                |        650 |      1 |
| I5110   | Oracle and the rest of the world                                          |        250 |      1 |
| I5110   | Comparative SQL                                                           |        750 |      2 |
| J6700   | Visual Basic 2008 Recipes                                                 |        300 |      1 |
| K2002   | T_SQL Programming (Inside series)                                         |        390 |      1 |
| K2002   | T_SQL Querying (Inside series)                                            |        391 |      2 |
| K7620   | Acoustic Communication in Birds Vol1                                      |        360 |      1 |
| K7620   | The Singing Life of Birds                                                 |        468 |      2 |
| K7620   | Backyard Birdsong Guide: Western North America                            |       3192 |      3 |
| K7845   | Data-Driven Services with Silverlight 2                                   |        336 |      1 |
| L0040   | Temporal Data and the Relational Model                                    |        275 |      1 |
| L0140   | Database Systems                                                          |        680 |      1 |
| L0245   | Programming Visual Basic 2005                                             |        548 |      1 |
| L0453   | SQL for MySQL Developers                                                  |        105 |      1 |
| L2444   | High Performance MySQL                                                    |        708 |      1 |
| L3001   | Visual Studio Tools for Office                                            |        976 |      1 |
| M0024   | In the Company of Crows and Ravens                                        |        376 |      1 |
| M0053   | SQL:1999 Relational Language Concepts                                     |        450 |      1 |
| M0053   | Adv SQL:1999 Object_Relational Features                                   |        520 |      2 |
| M0053   | Querying XML                                                              |        848 |      3 |
| M0110   | Database Systems                                                          |        680 |      1 |
| M0150   | Temporal Data and the Relational Model                                    |        275 |      1 |
| M0157   | Visual Basic 2008 Recipes                                                 |        300 |      1 |
| M0157   | Pro .NET 2.0 Windows Forms and Controls VB 2005                           |       1002 |      2 |
| M3145   | Bark: A Field Guide to Trees of the Northeast                             |        280 |      1 |
| M4540   | Hornworts and Liverworts in your Garden                                   |        501 |      1 |
| M4540   | Outstanding Bryophytes                                                    |        956 |      2 |
| N6457   | Data Binding with Windows Forms 2.0                                       |        634 |      1 |
| O0345   | SQL Server 2005 Developer's Guide                                         |        402 |      1 |
| O0346   | SQL Server 2005 Developer's Guide                                         |        402 |      1 |
| P0500   | Data-Driven Services with Silverlight 2                                   |        336 |      1 |
| P2308   | SQL Server 2005 A Beginner's Guide                                        |        402 |      1 |
| P6030   | Oracle Database 11g SQL                                                   |        650 |      1 |
| P7477   | Interface-Oriented Design                                                 |        213 |      1 |
| R0040   | Visual Basic 2008 Recipes                                                 |        300 |      1 |
| R0700   | Oracle SQL Fundamentals I Exam Guide                                      |        572 |      1 |
| R2040   | Practical Standards for VB.NET                                            |        250 |      1 |
| R2040   | Applied .NET Framework Programming VB.NET                                 |        608 |      2 |
| R5858   | Why Birds Sing                                                            |        240 |      1 |
| S0025   | Sibley Guide to Bird Life and Behavior                                    |        604 |      1 |
| S0205   | SQL Server 2005 T_Sql Recipies                                            |        503 |      1 |
| S1164   | MySQL Database Design and Tuning                                          |        400 |      1 |
| S1900   | High Performance MySQL                                                    |        708 |      1 |
| S2144   | Lichens of North America                                                  |        828 |      1 |
| S2145   | Lichens of North America                                                  |        828 |      1 |
| S2178   | T_SQL Programming (Inside series)                                         |        390 |      1 |
| S2178   | T_SQL Querying (Inside series)                                            |        391 |      2 |
| S2183   | Developer's Guide to SQL Server 2005                                      |        894 |      1 |
| S2475   | Outstanding Mosses and Liverworts of Pennsylvania and Nearby States       |          9 |      1 |
| S2548   | Windows Forms 2.0 Programming                                             |        982 |      1 |
| S2789   | SQL Server 2005 Stored Procedure Prg                                      |        399 |      1 |
| S3110   | Journeys Through Flatland                                                 |        100 |      1 |
| S3110   | Myths of SQL                                                              |       2895 |      2 |
| T6748   | High Performance MySQL                                                    |        708 |      1 |
| T6789   | Pro VB 2008 and the .NET 3.5 Platform                                     |       1368 |      1 |
| V1144   | The Unfeathered Bird                                                      |        304 |      1 |
| W0030   | Leaves of Grass                                                           |        125 |      1 |
| W0060   | Intro to DB Systems-7th Ed                                                |        650 |      1 |
| W0078   | .Net Development for Microsoft Office                                     |        500 |      1 |
| W2388   | Windows Forms 2.0 Programming                                             |        982 |      1 |
| W3145   | The Leafcutter Ants: Civilization by Instinct                             |        160 |      1 |
| W3145   | The Social Conquest of Earth                                              |        352 |      2 |
| W3145   | The Superorganism:The Beauty, Elegance, Strangeness of Insect Societies   |        544 |      3 |
| W3433   | The Oject-Oriented Thought Process                                        |        158 |      1 |
| W4512   | Mastering Oracle SQL and SQL-Plus                                         |        464 |      1 |
| W5145   | Winter Weed Finder: A Guide to Dry Plants in Winter (Nature Study Guides) |         64 |      1 |
| Z0878   | High Performance MySQL                                                    |        708 |      1 |
| Z0897   | High Performance MySQL                                                    |        708 |      1 |
+---------+---------------------------------------------------------------------------+------------+--------+
112 rows in set (0.05 sec)

--------------
/* TASK 07 */
Select 
		a1.order_date as OrderDate
	,	count(a2.order_id) as '3 Day Order Count'
	,	sum(a2.quantity) as '3 Day Total Quantity'
From (
	select
		order_date
	,	order_id
	,	quantity
	from a_bkorders.order_headers
	join a_bkorders.order_details using (order_id)
) as a1
Join ( 
	select
		order_date
	,	order_id
	,	quantity
	from a_bkorders.order_headers
	join a_bkorders.order_details using (order_id)
) as a2
 on a2.order_date
between date_sub(a1.order_date, interval 1 day) and date_add(a1.order_date, interval 1 day)
Group by a1.order_date
Order by a1.order_date
--------------

+------------+-------------------+----------------------+
| OrderDate  | 3 Day Order Count | 3 Day Total Quantity |
+------------+-------------------+----------------------+
| 2011-10-02 |                 1 |                    1 |
| 2011-10-23 |                 4 |                   40 |
| 2011-10-28 |                36 |                 1572 |
| 2012-01-11 |                18 |                  238 |
| 2012-01-12 |                63 |                  833 |
| 2012-01-18 |                 9 |                  270 |
| 2012-01-25 |                 6 |                  390 |
| 2012-01-26 |                 5 |                  344 |
| 2012-01-27 |                 6 |                  398 |
| 2012-02-02 |                 1 |                    1 |
| 2012-02-04 |                 4 |                  908 |
| 2012-02-12 |                 4 |                  600 |
| 2012-02-15 |                 2 |                  178 |
| 2012-02-16 |                 2 |                  178 |
| 2012-02-18 |                 9 |                   36 |
| 2012-02-22 |                 9 |                   21 |
| 2012-02-28 |                16 |                   32 |
| 2012-03-06 |                 1 |                   50 |
| 2012-03-10 |                 4 |                  104 |
| 2012-03-12 |                 1 |                   10 |
| 2012-04-02 |                 1 |                   50 |
| 2012-04-05 |                 4 |                   60 |
| 2012-04-12 |                24 |                  124 |
| 2012-04-13 |                14 |                  162 |
| 2012-04-14 |                 3 |                   53 |
| 2012-04-17 |                 4 |                  151 |
| 2012-04-18 |                12 |                  453 |
| 2012-04-21 |                 1 |                    4 |
| 2012-04-24 |                 1 |                   16 |
| 2012-05-08 |                 3 |                  199 |
| 2012-05-09 |                 6 |                  398 |
| 2012-05-12 |                16 |                   28 |
| 2012-05-15 |                 5 |                   35 |
| 2012-05-16 |                24 |                  240 |
| 2012-05-17 |                 5 |                   59 |
| 2012-05-20 |                 1 |                    2 |
| 2012-05-22 |                 1 |                    1 |
| 2012-05-30 |                 1 |                   50 |
| 2012-06-20 |                 2 |                    4 |
| 2012-06-21 |                 5 |                  106 |
| 2012-06-22 |                12 |                  312 |
| 2012-07-01 |                 3 |                   53 |
| 2012-07-02 |                 6 |                  106 |
| 2012-07-18 |                81 |                  369 |
| 2012-07-20 |                 9 |                    9 |
| 2012-08-02 |                 4 |                   60 |
| 2012-08-05 |                 1 |                    1 |
| 2012-08-08 |                16 |                   48 |
| 2012-08-15 |                 1 |                    1 |
| 2012-09-01 |                 4 |                   56 |
| 2012-09-02 |                15 |                  318 |
| 2012-09-03 |                 6 |                  195 |
| 2012-09-04 |                10 |                  312 |
| 2012-09-05 |                12 |                  232 |
| 2012-09-06 |                 8 |                   32 |
| 2012-09-08 |                 9 |                   84 |
| 2012-09-10 |                81 |                 1386 |
| 2012-09-14 |                40 |                  115 |
| 2012-09-15 |                24 |                   69 |
| 2012-09-18 |                36 |                  288 |
| 2012-09-20 |                16 |                  100 |
| 2012-09-22 |               120 |                  900 |
| 2012-09-23 |                26 |                  182 |
| 2012-09-24 |                 6 |                   18 |
| 2012-09-25 |                12 |                   48 |
| 2012-09-28 |                35 |                 3390 |
| 2012-09-29 |                38 |                 1584 |
| 2012-09-30 |               168 |                 2568 |
| 2012-10-03 |                25 |                  530 |
| 2012-10-06 |               225 |                 8325 |
| 2012-10-11 |                 4 |                    8 |
| 2012-11-02 |                 4 |                   12 |
| 2012-11-11 |                 4 |                    8 |
| 2012-11-28 |                15 |                  840 |
| 2012-11-29 |                14 |                  780 |
| 2012-11-30 |                 8 |                  280 |
| 2012-12-02 |                 9 |                  907 |
| 2012-12-03 |               112 |                 7472 |
| 2012-12-04 |                65 |                 4665 |
| 2012-12-07 |                 1 |                   35 |
| 2012-12-11 |                12 |                   18 |
| 2012-12-12 |                24 |                   36 |
| 2013-01-18 |                 9 |                   36 |
| 2013-01-22 |                 9 |                   21 |
| 2013-01-25 |                 6 |                  390 |
| 2013-01-26 |                 3 |                  195 |
| 2013-01-28 |                16 |                   32 |
| 2013-02-12 |                25 |                   40 |
| 2013-02-15 |                 9 |                   75 |
| 2013-02-20 |                 1 |                    2 |
| 2013-03-01 |                 3 |                   53 |
| 2013-03-02 |                 8 |                  206 |
| 2013-03-03 |                 5 |                  107 |
| 2013-03-04 |                 6 |                  112 |
| 2013-03-08 |                25 |                  185 |
| 2013-03-12 |                96 |                  112 |
| 2013-03-13 |                48 |                   56 |
| 2013-03-20 |                 8 |                  338 |
| 2013-03-21 |                12 |                  350 |
| 2013-03-22 |                14 |                   76 |
| 2013-03-23 |                21 |                   63 |
| 2013-03-24 |                12 |                   34 |
| 2013-03-25 |                 6 |                    8 |
| 2013-03-26 |                12 |                   15 |
| 2013-04-02 |                 4 |                   60 |
| 2013-04-05 |                 1 |                    1 |
| 2013-04-08 |                 4 |                    6 |
| 2013-04-15 |                 1 |                    1 |
| 2013-05-01 |                 4 |                   56 |
| 2013-05-02 |                12 |                  168 |
| 2013-05-04 |                 8 |                  204 |
| 2013-05-05 |                12 |                  220 |
| 2013-05-06 |                 8 |                   20 |
| 2013-05-24 |                 1 |                    5 |
| 2013-05-26 |                 4 |                   20 |
| 2013-06-02 |                 4 |                   12 |
| 2013-06-04 |                12 |                   45 |
| 2013-06-05 |                 4 |                   15 |
| 2013-06-09 |                 9 |                    9 |
| 2013-06-29 |                 8 |                  280 |
| 2013-06-30 |                 8 |                  280 |
+------------+-------------------+----------------------+
121 rows in set (0.04 sec)

--------------
/* TASK 08 */
select
	OH.order_date as OrderDate
,	sum(OD.quantity) as QuantityOrdered
,	sum(OD.quantity * OD.order_price) as TotalSales
from a_bkorders.order_details OD
join a_bkorders.order_headers OH using (order_id)
group by OH.order_date
--------------

+------------+-----------------+------------+
| OrderDate  | QuantityOrdered | TotalSales |
+------------+-----------------+------------+
| 2011-10-02 |               1 |      58.00 |
| 2011-10-23 |              20 |     859.50 |
| 2011-10-28 |             262 |   10307.45 |
| 2012-01-11 |               4 |     137.45 |
| 2012-01-12 |             115 |    3273.93 |
| 2012-01-18 |              90 |    2585.50 |
| 2012-01-25 |             145 |    1625.00 |
| 2012-01-26 |              50 |    2450.00 |
| 2012-01-27 |             149 |    6794.00 |
| 2012-02-02 |               1 |      58.00 |
| 2012-02-04 |             454 |    2454.26 |
| 2012-02-12 |             300 |    6900.00 |
| 2012-02-15 |              23 |     276.00 |
| 2012-02-16 |             155 |    3875.00 |
| 2012-02-18 |              12 |     564.95 |
| 2012-02-22 |               7 |     308.70 |
| 2012-02-28 |               8 |     299.70 |
| 2012-03-06 |              50 |    1250.00 |
| 2012-03-10 |              52 |    1271.90 |
| 2012-03-12 |              10 |     499.50 |
| 2012-04-02 |              50 |    1250.00 |
| 2012-04-05 |              30 |    1300.00 |
| 2012-04-12 |              28 |     464.70 |
| 2012-04-13 |               3 |      50.90 |
| 2012-04-14 |              50 |    1250.00 |
| 2012-04-17 |               1 |      49.95 |
| 2012-04-18 |             150 |    4745.00 |
| 2012-04-21 |               4 |     181.96 |
| 2012-04-24 |              16 |     560.00 |
| 2012-05-08 |              99 |    4503.51 |
| 2012-05-09 |             100 |    3015.99 |
| 2012-05-12 |               7 |     198.85 |
| 2012-05-15 |               1 |      45.99 |
| 2012-05-16 |              34 |     750.98 |
| 2012-05-17 |              25 |     273.75 |
| 2012-05-20 |               2 |      25.00 |
| 2012-05-22 |               1 |      35.00 |
| 2012-05-30 |              50 |    1250.00 |
| 2012-06-20 |               2 |      24.00 |
| 2012-06-21 |               2 |      25.00 |
| 2012-06-22 |             102 |    2525.00 |
| 2012-07-01 |               2 |      24.00 |
| 2012-07-02 |              51 |    1290.49 |
| 2012-07-18 |              41 |    1419.89 |
| 2012-07-20 |               3 |      83.63 |
| 2012-08-02 |              30 |     999.00 |
| 2012-08-05 |               1 |      40.49 |
| 2012-08-08 |              12 |     551.01 |
| 2012-08-15 |               1 |      40.49 |
| 2012-09-01 |              11 |     165.00 |
| 2012-09-02 |              45 |    2107.45 |
| 2012-09-03 |              50 |    1250.00 |
| 2012-09-04 |             100 |    2749.50 |
| 2012-09-05 |               6 |     124.95 |
| 2012-09-06 |              10 |    1475.60 |
| 2012-09-08 |              28 |     806.00 |
| 2012-09-10 |             154 |    4308.40 |
| 2012-09-14 |              18 |     525.40 |
| 2012-09-15 |               5 |     103.19 |
| 2012-09-18 |              48 |    1455.24 |
| 2012-09-20 |              25 |     996.68 |
| 2012-09-22 |              88 |    2726.29 |
| 2012-09-23 |               2 |      59.99 |
| 2012-09-24 |               1 |      45.00 |
| 2012-09-25 |              15 |     649.95 |
| 2012-09-28 |             578 |   22220.38 |
| 2012-09-29 |             100 |    2500.00 |
| 2012-09-30 |             114 |    3325.26 |
| 2012-10-03 |             106 |    3150.80 |
| 2012-10-06 |             555 |   23016.30 |
| 2012-10-11 |               4 |     137.45 |
| 2012-11-02 |               6 |     213.75 |
| 2012-11-11 |               4 |     137.45 |
| 2012-11-28 |             250 |    9742.50 |
| 2012-11-29 |              30 |    2047.80 |
| 2012-11-30 |             110 |    5355.30 |
| 2012-12-02 |               1 |      58.00 |
| 2012-12-03 |             906 |   29504.13 |
| 2012-12-04 |              27 |     573.15 |
| 2012-12-07 |              35 |     700.00 |
| 2012-12-11 |               4 |     137.45 |
| 2012-12-12 |               5 |     223.93 |
| 2013-01-18 |              12 |     564.95 |
| 2013-01-22 |               7 |     308.70 |
| 2013-01-25 |             145 |    1625.00 |
| 2013-01-26 |              50 |    2450.00 |
| 2013-01-28 |               8 |     299.70 |
| 2013-02-12 |               8 |     225.84 |
| 2013-02-15 |              25 |     367.98 |
| 2013-02-20 |               2 |      25.00 |
| 2013-03-01 |               2 |      24.00 |
| 2013-03-02 |              51 |    1290.49 |
| 2013-03-03 |              50 |    1250.00 |
| 2013-03-04 |               6 |     180.00 |
| 2013-03-08 |              37 |    1288.01 |
| 2013-03-12 |              10 |     398.32 |
| 2013-03-13 |               4 |     103.90 |
| 2013-03-20 |             149 |    6794.00 |
| 2013-03-21 |              20 |     519.50 |
| 2013-03-22 |               6 |     394.95 |
| 2013-03-23 |              12 |     649.00 |
| 2013-03-24 |               3 |      61.89 |
| 2013-03-25 |               2 |     180.00 |
| 2013-03-26 |               3 |      55.95 |
| 2013-04-02 |              30 |     999.00 |
| 2013-04-05 |               1 |      40.49 |
| 2013-04-08 |               3 |      69.00 |
| 2013-04-15 |               1 |      40.49 |
| 2013-05-01 |              11 |     165.00 |
| 2013-05-02 |              45 |    2107.45 |
| 2013-05-04 |             100 |    2749.50 |
| 2013-05-05 |               2 |      64.95 |
| 2013-05-06 |               8 |    1295.60 |
| 2013-05-24 |               5 |      75.00 |
| 2013-05-26 |              10 |    1475.60 |
| 2013-06-02 |               6 |     213.75 |
| 2013-06-04 |              14 |     287.75 |
| 2013-06-05 |               1 |      44.99 |
| 2013-06-09 |               3 |     100.49 |
| 2013-06-29 |              30 |    2047.80 |
| 2013-06-30 |             110 |    5355.30 |
+------------+-----------------+------------+
121 rows in set (0.00 sec)

Bye
